<?xml version="1.0" encoding="UTF-8"?>
<!-- Generated by org.testng.reporters.JUnitXMLReporter -->
<testsuite ignored="0" hostname="DESKTOP-39DL19M" failures="0" tests="4" name="Test" time="41.438" errors="0" timestamp="2020-09-06T18:21:22 CDT">
  <testcase classname="Santosh.ValidatePage" name="baseNavigation" time="0.612"/>
  <testcase classname="Santosh.HomePageTest" name="baseNavigation" time="10.028"/>
  <testcase classname="Santosh.HomePageTest" name="baseNavigation" time="7.384"/>
  <testcase classname="Santosh.validateNavigationBar" name="baseNavigation" time="0.162"/>
</testsuite> <!-- Test -->
